[0.014s] Invoking command in '/home/shariq/dev_ws/src/my_bot/build/my_bot': CMAKE_PREFIX_PATH=/opt/ros/humble /usr/bin/cmake --build /home/shariq/dev_ws/src/my_bot/build/my_bot -- -j8 -l8
[0.074s] Invoked command in '/home/shariq/dev_ws/src/my_bot/build/my_bot' returned '0': CMAKE_PREFIX_PATH=/opt/ros/humble /usr/bin/cmake --build /home/shariq/dev_ws/src/my_bot/build/my_bot -- -j8 -l8
[0.088s] Invoking command in '/home/shariq/dev_ws/src/my_bot/build/my_bot': CMAKE_PREFIX_PATH=/opt/ros/humble /usr/bin/cmake --install /home/shariq/dev_ws/src/my_bot/build/my_bot
[0.097s] -- Install configuration: ""
[0.098s] -- Execute custom install script
[0.098s] -- Up-to-date symlink: /home/shariq/dev_ws/src/my_bot/install/my_bot/share/my_bot/config/empty.yaml
[0.098s] -- Up-to-date symlink: /home/shariq/dev_ws/src/my_bot/install/my_bot/share/my_bot/config/view_bot.rviz
[0.099s] -- Up-to-date symlink: /home/shariq/dev_ws/src/my_bot/install/my_bot/share/my_bot/description/inertial_macros.xacro
[0.099s] -- Up-to-date symlink: /home/shariq/dev_ws/src/my_bot/install/my_bot/share/my_bot/description/robot.urdf.xacro
[0.099s] -- Up-to-date symlink: /home/shariq/dev_ws/src/my_bot/install/my_bot/share/my_bot/description/robot_core.xacro
[0.100s] -- Up-to-date symlink: /home/shariq/dev_ws/src/my_bot/install/my_bot/share/my_bot/launch/launch_sim.launch.py
[0.100s] -- Up-to-date symlink: /home/shariq/dev_ws/src/my_bot/install/my_bot/share/my_bot/launch/rsp.launch.py
[0.100s] -- Up-to-date symlink: /home/shariq/dev_ws/src/my_bot/install/my_bot/share/my_bot/worlds/empty.world
[0.100s] -- Up-to-date symlink: /home/shariq/dev_ws/src/my_bot/install/my_bot/share/ament_index/resource_index/package_run_dependencies/my_bot
[0.101s] -- Up-to-date symlink: /home/shariq/dev_ws/src/my_bot/install/my_bot/share/ament_index/resource_index/parent_prefix_path/my_bot
[0.101s] -- Up-to-date symlink: /home/shariq/dev_ws/src/my_bot/install/my_bot/share/my_bot/environment/ament_prefix_path.sh
[0.101s] -- Up-to-date symlink: /home/shariq/dev_ws/src/my_bot/install/my_bot/share/my_bot/environment/ament_prefix_path.dsv
[0.101s] -- Up-to-date symlink: /home/shariq/dev_ws/src/my_bot/install/my_bot/share/my_bot/environment/path.sh
[0.102s] -- Up-to-date symlink: /home/shariq/dev_ws/src/my_bot/install/my_bot/share/my_bot/environment/path.dsv
[0.102s] -- Up-to-date symlink: /home/shariq/dev_ws/src/my_bot/install/my_bot/share/my_bot/local_setup.bash
[0.102s] -- Up-to-date symlink: /home/shariq/dev_ws/src/my_bot/install/my_bot/share/my_bot/local_setup.sh
[0.102s] -- Up-to-date symlink: /home/shariq/dev_ws/src/my_bot/install/my_bot/share/my_bot/local_setup.zsh
[0.103s] -- Up-to-date symlink: /home/shariq/dev_ws/src/my_bot/install/my_bot/share/my_bot/local_setup.dsv
[0.103s] -- Symlinking: /home/shariq/dev_ws/src/my_bot/install/my_bot/share/my_bot/package.dsv
[0.120s] -- Up-to-date symlink: /home/shariq/dev_ws/src/my_bot/install/my_bot/share/ament_index/resource_index/packages/my_bot
[0.120s] -- Up-to-date symlink: /home/shariq/dev_ws/src/my_bot/install/my_bot/share/my_bot/cmake/my_botConfig.cmake
[0.121s] -- Up-to-date symlink: /home/shariq/dev_ws/src/my_bot/install/my_bot/share/my_bot/cmake/my_botConfig-version.cmake
[0.121s] -- Up-to-date symlink: /home/shariq/dev_ws/src/my_bot/install/my_bot/share/my_bot/package.xml
[0.125s] Invoked command in '/home/shariq/dev_ws/src/my_bot/build/my_bot' returned '0': CMAKE_PREFIX_PATH=/opt/ros/humble /usr/bin/cmake --install /home/shariq/dev_ws/src/my_bot/build/my_bot
