[0.138s] DEBUG:colcon:Command line arguments: ['/usr/bin/colcon', 'build', '--symlink-install']
[0.138s] DEBUG:colcon:Parsed command line arguments: Namespace(log_base=None, log_level=None, verb_name='build', build_base='build', install_base='install', merge_install=False, symlink_install=True, test_result_base=None, continue_on_error=False, executor='parallel', parallel_workers=8, event_handlers=None, ignore_user_meta=False, metas=['./colcon.meta'], base_paths=['.'], packages_ignore=None, packages_ignore_regex=None, paths=None, packages_up_to=None, packages_up_to_regex=None, packages_above=None, packages_above_and_dependencies=None, packages_above_depth=None, packages_select_by_dep=None, packages_skip_by_dep=None, packages_skip_up_to=None, packages_select_build_failed=False, packages_skip_build_finished=False, packages_select_test_failures=False, packages_skip_test_passed=False, packages_select=None, packages_skip=None, packages_select_regex=None, packages_skip_regex=None, packages_start=None, packages_end=None, allow_overriding=[], cmake_args=None, cmake_target=None, cmake_target_skip_unavailable=False, cmake_clean_cache=False, cmake_clean_first=False, cmake_force_configure=False, ament_cmake_args=None, catkin_cmake_args=None, catkin_skip_building_tests=False, mixin_files=None, mixin=None, verb_parser=<colcon_mixin.mixin.mixin_argument.MixinArgumentDecorator object at 0x7638d4069300>, verb_extension=<colcon_core.verb.build.BuildVerb object at 0x7638d4068be0>, main=<bound method BuildVerb.main of <colcon_core.verb.build.BuildVerb object at 0x7638d4068be0>>, mixin_verb=('build',))
[0.380s] Level 1:colcon.colcon_core.package_discovery:discover_packages(colcon_meta) check parameters
[0.380s] Level 1:colcon.colcon_core.package_discovery:discover_packages(recursive) check parameters
[0.380s] Level 1:colcon.colcon_core.package_discovery:discover_packages(ignore) check parameters
[0.380s] Level 1:colcon.colcon_core.package_discovery:discover_packages(path) check parameters
[0.381s] Level 1:colcon.colcon_core.package_discovery:discover_packages(colcon_meta) discover
[0.381s] Level 1:colcon.colcon_core.package_discovery:discover_packages(recursive) discover
[0.381s] INFO:colcon.colcon_core.package_discovery:Crawling recursively for packages in '/home/shariq/dev_ws/src/my_bot'
[0.381s] Level 1:colcon.colcon_core.package_identification:_identify(.) by extensions ['ignore', 'ignore_ament_install']
[0.381s] Level 1:colcon.colcon_core.package_identification:_identify(.) by extension 'ignore'
[0.381s] Level 1:colcon.colcon_core.package_identification:_identify(.) by extension 'ignore_ament_install'
[0.381s] Level 1:colcon.colcon_core.package_identification:_identify(.) by extensions ['colcon_pkg']
[0.381s] Level 1:colcon.colcon_core.package_identification:_identify(.) by extension 'colcon_pkg'
[0.382s] Level 1:colcon.colcon_core.package_identification:_identify(.) by extensions ['colcon_meta']
[0.382s] Level 1:colcon.colcon_core.package_identification:_identify(.) by extension 'colcon_meta'
[0.382s] Level 1:colcon.colcon_core.package_identification:_identify(.) by extensions ['ros']
[0.382s] Level 1:colcon.colcon_core.package_identification:_identify(.) by extension 'ros'
[0.410s] DEBUG:colcon.colcon_core.package_identification:Package '.' with type 'ros.ament_cmake' and name 'my_bot'
[0.411s] Level 1:colcon.colcon_core.package_discovery:discover_packages(recursive) using defaults
[0.411s] Level 1:colcon.colcon_core.package_discovery:discover_packages(ignore) discover
[0.411s] Level 1:colcon.colcon_core.package_discovery:discover_packages(ignore) using defaults
[0.411s] Level 1:colcon.colcon_core.package_discovery:discover_packages(path) discover
[0.411s] Level 1:colcon.colcon_core.package_discovery:discover_packages(path) using defaults
[0.464s] Level 1:colcon.colcon_core.package_discovery:discover_packages(prefix_path) check parameters
[0.464s] Level 1:colcon.colcon_core.package_discovery:discover_packages(prefix_path) discover
[0.467s] DEBUG:colcon.colcon_installed_package_information.package_discovery:Found 281 installed packages in /opt/ros/humble
[0.469s] Level 1:colcon.colcon_core.package_discovery:discover_packages(prefix_path) using defaults
[0.518s] Level 5:colcon.colcon_core.verb:set package 'my_bot' build argument 'cmake_args' from command line to 'None'
[0.519s] Level 5:colcon.colcon_core.verb:set package 'my_bot' build argument 'cmake_target' from command line to 'None'
[0.519s] Level 5:colcon.colcon_core.verb:set package 'my_bot' build argument 'cmake_target_skip_unavailable' from command line to 'False'
[0.519s] Level 5:colcon.colcon_core.verb:set package 'my_bot' build argument 'cmake_clean_cache' from command line to 'False'
[0.519s] Level 5:colcon.colcon_core.verb:set package 'my_bot' build argument 'cmake_clean_first' from command line to 'False'
[0.519s] Level 5:colcon.colcon_core.verb:set package 'my_bot' build argument 'cmake_force_configure' from command line to 'False'
[0.519s] Level 5:colcon.colcon_core.verb:set package 'my_bot' build argument 'ament_cmake_args' from command line to 'None'
[0.519s] Level 5:colcon.colcon_core.verb:set package 'my_bot' build argument 'catkin_cmake_args' from command line to 'None'
[0.519s] Level 5:colcon.colcon_core.verb:set package 'my_bot' build argument 'catkin_skip_building_tests' from command line to 'False'
[0.519s] DEBUG:colcon.colcon_core.verb:Building package 'my_bot' with the following arguments: {'ament_cmake_args': None, 'build_base': '/home/shariq/dev_ws/src/my_bot/build/my_bot', 'catkin_cmake_args': None, 'catkin_skip_building_tests': False, 'cmake_args': None, 'cmake_clean_cache': False, 'cmake_clean_first': False, 'cmake_force_configure': False, 'cmake_target': None, 'cmake_target_skip_unavailable': False, 'install_base': '/home/shariq/dev_ws/src/my_bot/install/my_bot', 'merge_install': False, 'path': '/home/shariq/dev_ws/src/my_bot', 'symlink_install': True, 'test_result_base': None}
[0.519s] INFO:colcon.colcon_core.executor:Executing jobs using 'parallel' executor
[0.520s] DEBUG:colcon.colcon_parallel_executor.executor.parallel:run_until_complete
[0.520s] INFO:colcon.colcon_ros.task.ament_cmake.build:Building ROS package in '/home/shariq/dev_ws/src/my_bot' with build type 'ament_cmake'
[0.520s] INFO:colcon.colcon_cmake.task.cmake.build:Building CMake package in '/home/shariq/dev_ws/src/my_bot'
[0.522s] INFO:colcon.colcon_core.plugin_system:Skipping extension 'colcon_core.shell.bat': Not used on non-Windows systems
[0.523s] INFO:colcon.colcon_core.shell:Skip shell extension 'powershell' for command environment: Not usable outside of PowerShell
[0.523s] DEBUG:colcon.colcon_core.shell:Skip shell extension 'dsv' for command environment
[0.534s] DEBUG:colcon.colcon_core.event_handler.log_command:Invoking command in '/home/shariq/dev_ws/src/my_bot/build/my_bot': CMAKE_PREFIX_PATH=/opt/ros/humble /usr/bin/cmake /home/shariq/dev_ws/src/my_bot -DAMENT_CMAKE_SYMLINK_INSTALL=1 -DCMAKE_INSTALL_PREFIX=/home/shariq/dev_ws/src/my_bot/install/my_bot
[1.706s] DEBUG:colcon.colcon_core.event_handler.log_command:Invoked command in '/home/shariq/dev_ws/src/my_bot/build/my_bot' returned '0': CMAKE_PREFIX_PATH=/opt/ros/humble /usr/bin/cmake /home/shariq/dev_ws/src/my_bot -DAMENT_CMAKE_SYMLINK_INSTALL=1 -DCMAKE_INSTALL_PREFIX=/home/shariq/dev_ws/src/my_bot/install/my_bot
[1.709s] DEBUG:colcon.colcon_core.event_handler.log_command:Invoking command in '/home/shariq/dev_ws/src/my_bot/build/my_bot': CMAKE_PREFIX_PATH=/opt/ros/humble /usr/bin/cmake --build /home/shariq/dev_ws/src/my_bot/build/my_bot -- -j8 -l8
[1.775s] DEBUG:colcon.colcon_core.event_handler.log_command:Invoked command in '/home/shariq/dev_ws/src/my_bot/build/my_bot' returned '0': CMAKE_PREFIX_PATH=/opt/ros/humble /usr/bin/cmake --build /home/shariq/dev_ws/src/my_bot/build/my_bot -- -j8 -l8
[1.790s] DEBUG:colcon.colcon_core.event_handler.log_command:Invoking command in '/home/shariq/dev_ws/src/my_bot/build/my_bot': CMAKE_PREFIX_PATH=/opt/ros/humble /usr/bin/cmake --install /home/shariq/dev_ws/src/my_bot/build/my_bot
[2.142s] Level 1:colcon.colcon_core.environment:create_environment_scripts_only(my_bot)
[2.143s] DEBUG:colcon.colcon_core.event_handler.log_command:Invoked command in '/home/shariq/dev_ws/src/my_bot/build/my_bot' returned '0': CMAKE_PREFIX_PATH=/opt/ros/humble /usr/bin/cmake --install /home/shariq/dev_ws/src/my_bot/build/my_bot
[2.149s] Level 1:colcon.colcon_core.environment:checking '/home/shariq/dev_ws/src/my_bot/install/my_bot' for CMake module files
[2.151s] Level 1:colcon.colcon_core.environment:checking '/home/shariq/dev_ws/src/my_bot/install/my_bot' for CMake config files
[2.152s] Level 1:colcon.colcon_core.shell:create_environment_hook('my_bot', 'cmake_prefix_path')
[2.153s] INFO:colcon.colcon_core.shell:Creating environment hook '/home/shariq/dev_ws/src/my_bot/install/my_bot/share/my_bot/hook/cmake_prefix_path.ps1'
[2.155s] INFO:colcon.colcon_core.shell:Creating environment descriptor '/home/shariq/dev_ws/src/my_bot/install/my_bot/share/my_bot/hook/cmake_prefix_path.dsv'
[2.156s] INFO:colcon.colcon_core.shell:Creating environment hook '/home/shariq/dev_ws/src/my_bot/install/my_bot/share/my_bot/hook/cmake_prefix_path.sh'
[2.159s] Level 1:colcon.colcon_core.environment:checking '/home/shariq/dev_ws/src/my_bot/install/my_bot/bin'
[2.159s] Level 1:colcon.colcon_core.environment:checking '/home/shariq/dev_ws/src/my_bot/install/my_bot/lib/pkgconfig/my_bot.pc'
[2.160s] Level 1:colcon.colcon_core.environment:checking '/home/shariq/dev_ws/src/my_bot/install/my_bot/lib/python3.10/site-packages'
[2.161s] Level 1:colcon.colcon_core.environment:checking '/home/shariq/dev_ws/src/my_bot/install/my_bot/bin'
[2.162s] INFO:colcon.colcon_core.shell:Creating package script '/home/shariq/dev_ws/src/my_bot/install/my_bot/share/my_bot/package.ps1'
[2.164s] INFO:colcon.colcon_core.shell:Creating package descriptor '/home/shariq/dev_ws/src/my_bot/install/my_bot/share/my_bot/package.dsv'
[2.165s] INFO:colcon.colcon_core.shell:Creating package script '/home/shariq/dev_ws/src/my_bot/install/my_bot/share/my_bot/package.sh'
[2.167s] INFO:colcon.colcon_core.shell:Creating package script '/home/shariq/dev_ws/src/my_bot/install/my_bot/share/my_bot/package.bash'
[2.169s] INFO:colcon.colcon_core.shell:Creating package script '/home/shariq/dev_ws/src/my_bot/install/my_bot/share/my_bot/package.zsh'
[2.171s] Level 1:colcon.colcon_core.environment:create_file_with_runtime_dependencies(/home/shariq/dev_ws/src/my_bot/install/my_bot/share/colcon-core/packages/my_bot)
[2.173s] Level 1:colcon.colcon_core.environment:create_environment_scripts_only(my_bot)
[2.173s] Level 1:colcon.colcon_core.environment:checking '/home/shariq/dev_ws/src/my_bot/install/my_bot' for CMake module files
[2.174s] Level 1:colcon.colcon_core.environment:checking '/home/shariq/dev_ws/src/my_bot/install/my_bot' for CMake config files
[2.175s] Level 1:colcon.colcon_core.shell:create_environment_hook('my_bot', 'cmake_prefix_path')
[2.177s] INFO:colcon.colcon_core.shell:Creating environment hook '/home/shariq/dev_ws/src/my_bot/install/my_bot/share/my_bot/hook/cmake_prefix_path.ps1'
[2.178s] INFO:colcon.colcon_core.shell:Creating environment descriptor '/home/shariq/dev_ws/src/my_bot/install/my_bot/share/my_bot/hook/cmake_prefix_path.dsv'
[2.180s] INFO:colcon.colcon_core.shell:Creating environment hook '/home/shariq/dev_ws/src/my_bot/install/my_bot/share/my_bot/hook/cmake_prefix_path.sh'
[2.183s] Level 1:colcon.colcon_core.environment:checking '/home/shariq/dev_ws/src/my_bot/install/my_bot/bin'
[2.183s] Level 1:colcon.colcon_core.environment:checking '/home/shariq/dev_ws/src/my_bot/install/my_bot/lib/pkgconfig/my_bot.pc'
[2.183s] Level 1:colcon.colcon_core.environment:checking '/home/shariq/dev_ws/src/my_bot/install/my_bot/lib/python3.10/site-packages'
[2.184s] Level 1:colcon.colcon_core.environment:checking '/home/shariq/dev_ws/src/my_bot/install/my_bot/bin'
[2.185s] INFO:colcon.colcon_core.shell:Creating package script '/home/shariq/dev_ws/src/my_bot/install/my_bot/share/my_bot/package.ps1'
[2.186s] INFO:colcon.colcon_core.shell:Creating package descriptor '/home/shariq/dev_ws/src/my_bot/install/my_bot/share/my_bot/package.dsv'
[2.188s] INFO:colcon.colcon_core.shell:Creating package script '/home/shariq/dev_ws/src/my_bot/install/my_bot/share/my_bot/package.sh'
[2.189s] INFO:colcon.colcon_core.shell:Creating package script '/home/shariq/dev_ws/src/my_bot/install/my_bot/share/my_bot/package.bash'
[2.189s] INFO:colcon.colcon_core.shell:Creating package script '/home/shariq/dev_ws/src/my_bot/install/my_bot/share/my_bot/package.zsh'
[2.190s] Level 1:colcon.colcon_core.environment:create_file_with_runtime_dependencies(/home/shariq/dev_ws/src/my_bot/install/my_bot/share/colcon-core/packages/my_bot)
[2.190s] DEBUG:colcon.colcon_parallel_executor.executor.parallel:closing loop
[2.190s] DEBUG:colcon.colcon_parallel_executor.executor.parallel:loop closed
[2.190s] DEBUG:colcon.colcon_parallel_executor.executor.parallel:run_until_complete finished with '0'
[2.190s] DEBUG:colcon.colcon_core.event_reactor:joining thread
[2.203s] INFO:colcon.colcon_core.plugin_system:Skipping extension 'colcon_notification.desktop_notification.terminal_notifier': Not used on non-Darwin systems
[2.203s] INFO:colcon.colcon_core.plugin_system:Skipping extension 'colcon_notification.desktop_notification.win32': Not used on non-Windows systems
[2.203s] INFO:colcon.colcon_notification.desktop_notification:Sending desktop notification using 'notify2'
[2.225s] DEBUG:colcon.colcon_core.event_reactor:joined thread
[2.226s] INFO:colcon.colcon_core.shell:Creating prefix script '/home/shariq/dev_ws/src/my_bot/install/local_setup.ps1'
[2.229s] INFO:colcon.colcon_core.shell:Creating prefix util module '/home/shariq/dev_ws/src/my_bot/install/_local_setup_util_ps1.py'
[2.231s] INFO:colcon.colcon_core.shell:Creating prefix chain script '/home/shariq/dev_ws/src/my_bot/install/setup.ps1'
[2.232s] INFO:colcon.colcon_core.shell:Creating prefix script '/home/shariq/dev_ws/src/my_bot/install/local_setup.sh'
[2.233s] INFO:colcon.colcon_core.shell:Creating prefix util module '/home/shariq/dev_ws/src/my_bot/install/_local_setup_util_sh.py'
[2.234s] INFO:colcon.colcon_core.shell:Creating prefix chain script '/home/shariq/dev_ws/src/my_bot/install/setup.sh'
[2.235s] INFO:colcon.colcon_core.shell:Creating prefix script '/home/shariq/dev_ws/src/my_bot/install/local_setup.bash'
[2.235s] INFO:colcon.colcon_core.shell:Creating prefix chain script '/home/shariq/dev_ws/src/my_bot/install/setup.bash'
[2.236s] INFO:colcon.colcon_core.shell:Creating prefix script '/home/shariq/dev_ws/src/my_bot/install/local_setup.zsh'
[2.237s] INFO:colcon.colcon_core.shell:Creating prefix chain script '/home/shariq/dev_ws/src/my_bot/install/setup.zsh'
