[0.013s] Invoking command in '/home/shariq/dev_ws/src/my_bot/build/my_bot': CMAKE_PREFIX_PATH=/opt/ros/humble /usr/bin/cmake /home/shariq/dev_ws/src/my_bot -DAMENT_CMAKE_SYMLINK_INSTALL=1 -DCMAKE_INSTALL_PREFIX=/home/shariq/dev_ws/src/my_bot/install/my_bot
[0.151s] -- The C compiler identification is GNU 11.4.0
[0.294s] -- The CXX compiler identification is GNU 11.4.0
[0.306s] -- Detecting C compiler ABI info
[0.414s] -- Detecting C compiler ABI info - done
[0.441s] -- Check for working C compiler: /usr/bin/cc - skipped
[0.442s] -- Detecting C compile features
[0.443s] -- Detecting C compile features - done
[0.454s] -- Detecting CXX compiler ABI info
[0.579s] -- Detecting CXX compiler ABI info - done
[0.605s] -- Check for working CXX compiler: /usr/bin/c++ - skipped
[0.606s] -- Detecting CXX compile features
[0.608s] -- Detecting CXX compile features - done
[0.627s] -- Found ament_cmake: 1.3.12 (/opt/ros/humble/share/ament_cmake/cmake)
[0.857s] -- Found Python3: /usr/bin/python3 (found version "3.10.12") found components: Interpreter 
[0.949s] -- Override CMake install command with custom implementation using symlinks instead of copying resources
[0.997s] -- Found ament_lint_auto: 0.12.14 (/opt/ros/humble/share/ament_lint_auto/cmake)
[1.110s] -- Added test 'copyright' to check source files copyright and LICENSE
[1.127s] -- Added test 'cppcheck' to perform static code analysis on C / C++ code
[1.127s] -- Configured cppcheck include dirs: 
[1.128s] -- Configured cppcheck exclude dirs and/or files: 
[1.142s] -- Added test 'cpplint' to check C / C++ code against the Google style
[1.142s] -- Configured cpplint exclude dirs and/or files: 
[1.146s] -- Added test 'flake8' to check Python code syntax and style conventions
[1.150s] -- Added test 'lint_cmake' to check CMake code style
[1.153s] -- Added test 'pep257' to check Python code against some of the docstring style conventions in PEP 257
[1.168s] -- Added test 'uncrustify' to check C / C++ code style
[1.168s] -- Configured uncrustify additional arguments: 
[1.170s] -- Added test 'xmllint' to check XML markup files
[1.173s] -- Configuring done
[1.177s] -- Generating done
[1.179s] -- Build files have been written to: /home/shariq/dev_ws/src/my_bot/build/my_bot
[1.185s] Invoked command in '/home/shariq/dev_ws/src/my_bot/build/my_bot' returned '0': CMAKE_PREFIX_PATH=/opt/ros/humble /usr/bin/cmake /home/shariq/dev_ws/src/my_bot -DAMENT_CMAKE_SYMLINK_INSTALL=1 -DCMAKE_INSTALL_PREFIX=/home/shariq/dev_ws/src/my_bot/install/my_bot
[1.187s] Invoking command in '/home/shariq/dev_ws/src/my_bot/build/my_bot': CMAKE_PREFIX_PATH=/opt/ros/humble /usr/bin/cmake --build /home/shariq/dev_ws/src/my_bot/build/my_bot -- -j8 -l8
[1.254s] Invoked command in '/home/shariq/dev_ws/src/my_bot/build/my_bot' returned '0': CMAKE_PREFIX_PATH=/opt/ros/humble /usr/bin/cmake --build /home/shariq/dev_ws/src/my_bot/build/my_bot -- -j8 -l8
[1.269s] Invoking command in '/home/shariq/dev_ws/src/my_bot/build/my_bot': CMAKE_PREFIX_PATH=/opt/ros/humble /usr/bin/cmake --install /home/shariq/dev_ws/src/my_bot/build/my_bot
[1.280s] -- Install configuration: ""
[1.280s] -- Execute custom install script
[1.281s] -- Symlinking: /home/shariq/dev_ws/src/my_bot/install/my_bot/share/my_bot/config/empty.yaml
[1.294s] -- Symlinking: /home/shariq/dev_ws/src/my_bot/install/my_bot/share/my_bot/config/view_bot.rviz
[1.306s] -- Symlinking: /home/shariq/dev_ws/src/my_bot/install/my_bot/share/my_bot/description/inertial_macros.xacro
[1.329s] -- Symlinking: /home/shariq/dev_ws/src/my_bot/install/my_bot/share/my_bot/description/robot.urdf.xacro
[1.342s] -- Symlinking: /home/shariq/dev_ws/src/my_bot/install/my_bot/share/my_bot/description/robot_core.xacro
[1.356s] -- Symlinking: /home/shariq/dev_ws/src/my_bot/install/my_bot/share/my_bot/launch/launch_sim.launch.py
[1.369s] -- Symlinking: /home/shariq/dev_ws/src/my_bot/install/my_bot/share/my_bot/launch/rsp.launch.py
[1.384s] -- Symlinking: /home/shariq/dev_ws/src/my_bot/install/my_bot/share/my_bot/worlds/empty.world
[1.405s] -- Symlinking: /home/shariq/dev_ws/src/my_bot/install/my_bot/share/ament_index/resource_index/package_run_dependencies/my_bot
[1.419s] -- Symlinking: /home/shariq/dev_ws/src/my_bot/install/my_bot/share/ament_index/resource_index/parent_prefix_path/my_bot
[1.434s] -- Symlinking: /home/shariq/dev_ws/src/my_bot/install/my_bot/share/my_bot/environment/ament_prefix_path.sh
[1.447s] -- Symlinking: /home/shariq/dev_ws/src/my_bot/install/my_bot/share/my_bot/environment/ament_prefix_path.dsv
[1.461s] -- Symlinking: /home/shariq/dev_ws/src/my_bot/install/my_bot/share/my_bot/environment/path.sh
[1.473s] -- Symlinking: /home/shariq/dev_ws/src/my_bot/install/my_bot/share/my_bot/environment/path.dsv
[1.487s] -- Symlinking: /home/shariq/dev_ws/src/my_bot/install/my_bot/share/my_bot/local_setup.bash
[1.502s] -- Symlinking: /home/shariq/dev_ws/src/my_bot/install/my_bot/share/my_bot/local_setup.sh
[1.522s] -- Symlinking: /home/shariq/dev_ws/src/my_bot/install/my_bot/share/my_bot/local_setup.zsh
[1.536s] -- Symlinking: /home/shariq/dev_ws/src/my_bot/install/my_bot/share/my_bot/local_setup.dsv
[1.548s] -- Symlinking: /home/shariq/dev_ws/src/my_bot/install/my_bot/share/my_bot/package.dsv
[1.563s] -- Symlinking: /home/shariq/dev_ws/src/my_bot/install/my_bot/share/ament_index/resource_index/packages/my_bot
[1.577s] -- Symlinking: /home/shariq/dev_ws/src/my_bot/install/my_bot/share/my_bot/cmake/my_botConfig.cmake
[1.591s] -- Symlinking: /home/shariq/dev_ws/src/my_bot/install/my_bot/share/my_bot/cmake/my_botConfig-version.cmake
[1.605s] -- Symlinking: /home/shariq/dev_ws/src/my_bot/install/my_bot/share/my_bot/package.xml
[1.622s] Invoked command in '/home/shariq/dev_ws/src/my_bot/build/my_bot' returned '0': CMAKE_PREFIX_PATH=/opt/ros/humble /usr/bin/cmake --install /home/shariq/dev_ws/src/my_bot/build/my_bot
